INFO [2021-06-14 19:16:23] $x
INFO [2021-06-14 19:16:23] list(Up_LOF = na.omit(lof_oe$external_gene_name), Koenecke_Mesoderm = na.omit(mesoderm_genes$gene_name), 
INFO [2021-06-14 19:16:23]     Koenecke_Ectoderm = na.omit(ectoderm_genes$gene_name), Koenecke_Neuroectoderm = na.omit(neuroectoderm_genes$gene_name))
INFO [2021-06-14 19:16:23] 
INFO [2021-06-14 19:16:23] $fill
INFO [2021-06-14 19:16:23] c("#ffc93c", "#f8a488", "#9ddfd3", "#31326f")
INFO [2021-06-14 19:16:23] 
INFO [2021-06-14 19:16:23] $margin
INFO [2021-06-14 19:16:23] [1] 0.08
INFO [2021-06-14 19:16:23] 
INFO [2021-06-14 19:16:23] $alpha
INFO [2021-06-14 19:16:23] c(0.7, 0.7, 0.7, 0.7)
INFO [2021-06-14 19:16:23] 
INFO [2021-06-14 19:16:23] $imagetype
INFO [2021-06-14 19:16:23] [1] "png"
INFO [2021-06-14 19:16:23] 
INFO [2021-06-14 19:16:23] $print.mode
INFO [2021-06-14 19:16:23] [1] "percent"
INFO [2021-06-14 19:16:23] 
INFO [2021-06-14 19:16:23] $filename
INFO [2021-06-14 19:16:23] [1] "analysis_koenecke/output/V_E/up_overlaps.png"
INFO [2021-06-14 19:16:23] 
